<?xml version="1.0" encoding="utf-8"?><testsuites><testsuite name="pytest" errors="0" failures="0" skipped="0" tests="24" time="1.106" timestamp="2023-04-13T06:13:40.086549" hostname="fv-az442-691"><testcase classname="tests.test_auth" name="test_register" time="0.221" /><testcase classname="tests.test_auth" name="test_register_validate_input[--Username is required.]" time="0.028" /><testcase classname="tests.test_auth" name="test_register_validate_input[a--Password is required.]" time="0.017" /><testcase classname="tests.test_auth" name="test_register_validate_input[test-test-already registered]" time="0.018" /><testcase classname="tests.test_auth" name="test_login" time="0.061" /><testcase classname="tests.test_auth" name="test_login_validate_input[a-test-Incorrect username.]" time="0.017" /><testcase classname="tests.test_auth" name="test_login_validate_input[test-a-Incorrect password.]" time="0.054" /><testcase classname="tests.test_auth" name="test_logout" time="0.050" /><testcase classname="tests.test_blog" name="test_index" time="0.061" /><testcase classname="tests.test_blog" name="test_login_required[/create]" time="0.011" /><testcase classname="tests.test_blog" name="test_login_required[/1/update]" time="0.012" /><testcase classname="tests.test_blog" name="test_login_required[/1/delete]" time="0.010" /><testcase classname="tests.test_blog" name="test_author_required" time="0.063" /><testcase classname="tests.test_blog" name="test_exists_required[/2/update]" time="0.050" /><testcase classname="tests.test_blog" name="test_exists_required[/2/delete]" time="0.051" /><testcase classname="tests.test_blog" name="test_create" time="0.059" /><testcase classname="tests.test_blog" name="test_update" time="0.060" /><testcase classname="tests.test_blog" name="test_create_update_validate[/create]" time="0.056" /><testcase classname="tests.test_blog" name="test_create_update_validate[/1/update]" time="0.058" /><testcase classname="tests.test_blog" name="test_delete" time="0.053" /><testcase classname="tests.test_db" name="test_get_close_db" time="0.011" /><testcase classname="tests.test_db" name="test_init_db_command" time="0.011" /><testcase classname="tests.test_factory" name="test_config" time="0.008" /><testcase classname="tests.test_factory" name="test_hello" time="0.010" /></testsuite></testsuites>